<?xml version="1.0" encoding="UTF-8"?>
<testsuite name="multiple_asserts.MultipleAsserts" tests="3" skipped="0" failures="0" errors="0" timestamp="2018-06-14T20:28:39" hostname="kzaikin-ub18" time="0.022">
  <properties/>
  <testcase name="result_asExpected" classname="multiple_asserts.MultipleAsserts" time="0.011"/>
  <testcase name="everyItem_asExpected" classname="multiple_asserts.MultipleAsserts" time="0.001"/>
  <testcase name="everyEntry_asExpected" classname="multiple_asserts.MultipleAsserts" time="0.008"/>
  <system-out><![CDATA[]]></system-out>
  <system-err><![CDATA[]]></system-err>
</testsuite>
