<?xml version="1.0" encoding="UTF-8"?>
<testsuite name="bad_naming.tautology.Tautology" tests="2" skipped="0" failures="0" errors="0" timestamp="2018-06-14T20:28:40" hostname="kzaikin-ub18" time="0.001">
  <properties/>
  <testcase name="testBrewMakesCoffee" classname="bad_naming.tautology.Tautology" time="0.0"/>
  <testcase name="brew_makesCoffee" classname="bad_naming.tautology.Tautology" time="0.0"/>
  <system-out><![CDATA[]]></system-out>
  <system-err><![CDATA[]]></system-err>
</testsuite>
